1645640961496	geckodriver	INFO	Listening on 127.0.0.1:60323
1645640964213	mozrunner::runner	INFO	Running command: "C:\\Program Files\\Mozilla Firefox\\firefox.exe" "--marionette" "--remote-debugging-port" "60324" "-no-remote" "-profile" "C:\\Users\\karla\\AppData\\Local\\Temp\\rust_mozprofileYM6zez"
1645640965510	Marionette	INFO	Marionette enabled
console.warn: SearchSettings: "get: No settings file exists, new profile?" (new NotFoundError("Could not open the file at C:\\Users\\karla\\AppData\\Local\\Temp\\rust_mozprofileYM6zez\\search.json.mozlz4", (void 0)))
DevTools listening on ws://localhost:60324/devtools/browser/ebe11d70-069f-4763-b7d8-11377bd7ff05
1645640970609	Marionette	INFO	Listening on port 60330
1645640970698	RemoteAgent	WARN	TLS certificate errors will be ignored for this session
1645640976046	Marionette	INFO	Stopped listening on port 60330

###!!! [Child][PContentChild] Error: Send(msgname=PHttpChannel::Msg_DeletingChannel) Channel closing: too late to send/recv, messages will be lost


###!!! [Child][PContentChild] Error: Send(msgname=PHttpChannel::Msg_RemoveCorsPreflightCacheEntry) Channel closing: too late to send/recv, messages will be lost


###!!! [Child][PContentChild] Error: Send(msgname=PHttpChannel::Msg_DeletingChannel) Channel closing: too late to send/recv, messages will be lost


###!!! [Child][PContentChild] Error: Send(msgname=PContent::Msg_ScriptError) Channel closing: too late to send/recv, messages will be lost


###!!! [Child][PContentChild] Error: Send(msgname=PContent::Msg_ScriptError) Channel closing: too late to send/recv, messages will be lost


###!!! [Parent][PGPUParent] Error: RunMessage(msgname=PGPU::Msg_ShutdownVR) Channel closing: too late to send/recv, messages will be lost

1650024931616	geckodriver	INFO	Listening on 127.0.0.1:60658
1650024969783	geckodriver	INFO	Listening on 127.0.0.1:60688
1650025621704	geckodriver	INFO	Listening on 127.0.0.1:65505
1650025625973	geckodriver	INFO	Listening on 127.0.0.1:65512
1650025663810	geckodriver	INFO	Listening on 127.0.0.1:65522
1650026167530	geckodriver	INFO	Listening on 127.0.0.1:60786
1650026170597	mozrunner::runner	INFO	Running command: "C:\\Program Files\\Mozilla Firefox\\firefox.exe" "--marionette" "--remote-debugging-port" "60787" "-no-remote" "-profile" "C:\\Users\\karla\\AppData\\Local\\Temp\\rust_mozprofileU8NbLH"
1650026171429	Marionette	INFO	Marionette enabled
console.warn: SearchSettings: "get: No settings file exists, new profile?" (new NotFoundError("Could not open the file at C:\\Users\\karla\\AppData\\Local\\Temp\\rust_mozprofileU8NbLH\\search.json.mozlz4", (void 0)))
DevTools listening on ws://localhost:60787/devtools/browser/e3e7f2f1-009a-447e-935e-563eb637dfb2
1650026175005	Marionette	INFO	Listening on port 60792
1650026175406	RemoteAgent	WARN	TLS certificate errors will be ignored for this session
console.warn: LoginRecipes: "getRecipes: falling back to a synchronous message for:" "https://accounts.google.com"
console.warn: LoginRecipes: "getRecipes: falling back to a synchronous message for:" "https://accounts.google.com"
JavaScript warning: https://accounts.google.com/ServiceLogin?service=mail&passive=1209600&osid=1&continue=https://mail.google.com/mail/u/0/&followup=https://mail.google.com/mail/u/0/&emr=1 line 1 > eval line 804 > eval line 1 > eval line 1 > eval, line 1: WEBGL_debug_renderer_info is deprecated in Firefox and will be removed. Please use RENDERER.
1650026189007	Marionette	INFO	Stopped listening on port 60792
console.warn: TopSitesFeed: Failed to fetch data from Contile server: NetworkError when attempting to fetch resource.
1650026209404	geckodriver	INFO	Listening on 127.0.0.1:60864
1650026212484	mozrunner::runner	INFO	Running command: "C:\\Program Files\\Mozilla Firefox\\firefox.exe" "--marionette" "--remote-debugging-port" "60865" "-no-remote" "-profile" "C:\\Users\\karla\\AppData\\Local\\Temp\\rust_mozprofileuDFw5Q"
1650026212975	Marionette	INFO	Marionette enabled
console.warn: SearchSettings: "get: No settings file exists, new profile?" (new NotFoundError("Could not open the file at C:\\Users\\karla\\AppData\\Local\\Temp\\rust_mozprofileuDFw5Q\\search.json.mozlz4", (void 0)))
DevTools listening on ws://localhost:60865/devtools/browser/c37de75a-7644-4567-b350-8714e83d6b93
1650026215970	Marionette	INFO	Listening on port 60870
1650026216210	RemoteAgent	WARN	TLS certificate errors will be ignored for this session
console.warn: LoginRecipes: "getRecipes: falling back to a synchronous message for:" "https://accounts.google.com"
console.warn: LoginRecipes: "getRecipes: falling back to a synchronous message for:" "https://accounts.google.com"
JavaScript warning: https://accounts.google.com/ServiceLogin?service=mail&passive=1209600&osid=1&continue=https://mail.google.com/mail/u/0/&followup=https://mail.google.com/mail/u/0/&emr=1 line 1 > eval line 3476 > eval line 1 > eval line 1 > eval, line 1: WEBGL_debug_renderer_info is deprecated in Firefox and will be removed. Please use RENDERER.
1650026224157	Marionette	INFO	Stopped listening on port 60870
console.warn: TopSitesFeed: Failed to fetch data from Contile server: NetworkError when attempting to fetch resource.
1650026280554	geckodriver	INFO	Listening on 127.0.0.1:64871
1650026283640	mozrunner::runner	INFO	Running command: "C:\\Program Files\\Mozilla Firefox\\firefox.exe" "--marionette" "--remote-debugging-port" "64872" "-no-remote" "-profile" "C:\\Users\\karla\\AppData\\Local\\Temp\\rust_mozprofileOHKgLG"
1650026284060	Marionette	INFO	Marionette enabled
console.warn: SearchSettings: "get: No settings file exists, new profile?" (new NotFoundError("Could not open the file at C:\\Users\\karla\\AppData\\Local\\Temp\\rust_mozprofileOHKgLG\\search.json.mozlz4", (void 0)))
DevTools listening on ws://localhost:64872/devtools/browser/fdb5a688-aa8c-46f1-97cc-435634d3cd86
1650026287037	Marionette	INFO	Listening on port 64877
1650026287335	RemoteAgent	WARN	TLS certificate errors will be ignored for this session
console.warn: LoginRecipes: "getRecipes: falling back to a synchronous message for:" "https://accounts.google.com"
console.warn: LoginRecipes: "getRecipes: falling back to a synchronous message for:" "https://accounts.google.com"
1650026290548	Marionette	INFO	Stopped listening on port 64877
1650041973947	geckodriver	INFO	Listening on 127.0.0.1:63739
1650041977042	mozrunner::runner	INFO	Running command: "C:\\Program Files\\Mozilla Firefox\\firefox.exe" "--marionette" "--remote-debugging-port" "63740" "-no-remote" "-profile" "C:\\Users\\karla\\AppData\\Local\\Temp\\rust_mozprofileVDZLdL"
1650041977456	Marionette	INFO	Marionette enabled
console.warn: SearchSettings: "get: No settings file exists, new profile?" (new NotFoundError("Could not open the file at C:\\Users\\karla\\AppData\\Local\\Temp\\rust_mozprofileVDZLdL\\search.json.mozlz4", (void 0)))
DevTools listening on ws://localhost:63740/devtools/browser/52801910-a075-4753-bbe6-969c820815fb
1650041980655	Marionette	INFO	Listening on port 63745
1650041980739	RemoteAgent	WARN	TLS certificate errors will be ignored for this session
console.warn: LoginRecipes: "getRecipes: falling back to a synchronous message for:" "https://accounts.google.com"
console.warn: LoginRecipes: "getRecipes: falling back to a synchronous message for:" "https://accounts.google.com"
1650041984348	Marionette	INFO	Stopped listening on port 63745

###!!! [Child][PContentChild] Error: Send(msgname=PHttpChannel::Msg_DeletingChannel) Channel closing: too late to send/recv, messages will be lost


###!!! [Child][PContentChild] Error: RunMessage(msgname=PHttpChannel::Msg_DeleteSelf) Channel closing: too late to send/recv, messages will be lost


###!!! [Child][PContentChild] Error: Send(msgname=PContent::Msg_ScriptError) Channel closing: too late to send/recv, messages will be lost

1650042069686	geckodriver	INFO	Listening on 127.0.0.1:63840
1650042072770	mozrunner::runner	INFO	Running command: "C:\\Program Files\\Mozilla Firefox\\firefox.exe" "--marionette" "--remote-debugging-port" "63841" "-no-remote" "-profile" "C:\\Users\\karla\\AppData\\Local\\Temp\\rust_mozprofilelUYdLx"
1650042073220	Marionette	INFO	Marionette enabled
console.warn: SearchSettings: "get: No settings file exists, new profile?" (new NotFoundError("Could not open the file at C:\\Users\\karla\\AppData\\Local\\Temp\\rust_mozprofilelUYdLx\\search.json.mozlz4", (void 0)))
DevTools listening on ws://localhost:63841/devtools/browser/c4be6207-ac0a-48da-bb1a-a3123f6adaf0
1650042076283	Marionette	INFO	Listening on port 63846
1650042076484	RemoteAgent	WARN	TLS certificate errors will be ignored for this session
1650042078408	Marionette	INFO	Stopped listening on port 63846
console.warn: TopSitesFeed: Failed to fetch data from Contile server: NetworkError when attempting to fetch resource.
JavaScript error: chrome://remote/content/marionette/cert.js, line 55: NS_ERROR_NOT_AVAILABLE: Component returned failure code: 0x80040111 (NS_ERROR_NOT_AVAILABLE) [nsICertOverrideService.setDisableAllSecurityChecksAndLetAttackersInterceptMyData]
1650042100931	geckodriver	INFO	Listening on 127.0.0.1:63897
1650042104015	mozrunner::runner	INFO	Running command: "C:\\Program Files\\Mozilla Firefox\\firefox.exe" "--marionette" "--remote-debugging-port" "63898" "-no-remote" "-profile" "C:\\Users\\karla\\AppData\\Local\\Temp\\rust_mozprofileiDwxDC"
1650042104425	Marionette	INFO	Marionette enabled
console.warn: SearchSettings: "get: No settings file exists, new profile?" (new NotFoundError("Could not open the file at C:\\Users\\karla\\AppData\\Local\\Temp\\rust_mozprofileiDwxDC\\search.json.mozlz4", (void 0)))
DevTools listening on ws://localhost:63898/devtools/browser/2b09aef3-e4b1-4815-b162-c5f96e8cb3fe
1650042107488	Marionette	INFO	Listening on port 63904
1650042107723	RemoteAgent	WARN	TLS certificate errors will be ignored for this session
console.warn: LoginRecipes: "getRecipes: falling back to a synchronous message for:" "https://accounts.google.com"
console.warn: LoginRecipes: "getRecipes: falling back to a synchronous message for:" "https://accounts.google.com"
1650042111098	Marionette	INFO	Stopped listening on port 63904
JavaScript warning: https://accounts.google.com/ServiceLogin?service=mail&passive=1209600&osid=1&continue=https://mail.google.com/mail/u/0/&followup=https://mail.google.com/mail/u/0/&emr=1 line 1 > eval line 4506 > eval line 1 > eval line 1 > eval, line 1: WEBGL_debug_renderer_info is deprecated in Firefox and will be removed. Please use RENDERER.

###!!! [Parent][PContentParent] Error: Send(msgname=PContent::Reply_DiscardBrowsingContext) Closed channel: cannot send/recv


###!!! [Parent][PContentParent] Error: Send(msgname=PContent::Reply_DiscardBrowsingContext) Closed channel: cannot send/recv


###!!! [Parent][PContentParent] Error: Send(msgname=PContent::Reply_DiscardBrowsingContext) Closed channel: cannot send/recv


###!!! [Child][PContentChild] Error: Send(msgname=PHttpChannel::Msg_DeletingChannel) Channel closing: too late to send/recv, messages will be lost


###!!! [Child][PContentChild] Error: RunMessage(msgname=PContent::Msg_DiscardBrowsingContext) Channel closing: too late to send/recv, messages will be lost


###!!! [Child][PContentChild] Error: RunMessage(msgname=PContent::Msg_DiscardBrowsingContext) Channel closing: too late to send/recv, messages will be lost


###!!! [Child][PContentChild] Error: RunMessage(msgname=PHttpChannel::Msg_FailedAsyncOpen) Channel closing: too late to send/recv, messages will be lost


###!!! [Child][PContentChild] Error: RunMessage(msgname=PHttpChannel::Msg_FailedAsyncOpen) Channel closing: too late to send/recv, messages will be lost


###!!! [Child][PContentChild] Error: RunMessage(msgname=PContent::Reply_DiscardBrowsingContext) Channel closing: too late to send/recv, messages will be lost


###!!! [Child][PContentChild] Error: RunMessage(msgname=PHttpChannel::Msg_DeleteSelf) Channel closing: too late to send/recv, messages will be lost


###!!! [Parent][PContentParent] Error: Send(msgname=PContent::Msg_DestroyBrowsingContextGroup) Closed channel: cannot send/recv

JavaScript error: resource://gre/modules/Sqlite.jsm, line 1105: Error: Sqlite.jsm has been shutdown. Cannot open connection to: C:\Users\karla\AppData\Local\Temp\rust_mozprofileiDwxDC\protections.sqlite
1650042560496	geckodriver	INFO	Listening on 127.0.0.1:60818
1650042563563	mozrunner::runner	INFO	Running command: "C:\\Program Files\\Mozilla Firefox\\firefox.exe" "--marionette" "--remote-debugging-port" "60819" "-no-remote" "-profile" "C:\\Users\\karla\\AppData\\Local\\Temp\\rust_mozprofileGu96sz"
1650042564095	Marionette	INFO	Marionette enabled
console.warn: SearchSettings: "get: No settings file exists, new profile?" (new NotFoundError("Could not open the file at C:\\Users\\karla\\AppData\\Local\\Temp\\rust_mozprofileGu96sz\\search.json.mozlz4", (void 0)))
DevTools listening on ws://localhost:60819/devtools/browser/09d8152e-3cd6-4a46-9bde-56abf16cf622
1650042567314	Marionette	INFO	Listening on port 60824
1650042567747	RemoteAgent	WARN	TLS certificate errors will be ignored for this session
console.warn: LoginRecipes: "getRecipes: falling back to a synchronous message for:" "https://accounts.google.com"
console.warn: LoginRecipes: "getRecipes: falling back to a synchronous message for:" "https://accounts.google.com"
1650042570677	Marionette	INFO	Stopped listening on port 60824
1650042668014	geckodriver	INFO	Listening on 127.0.0.1:56084
1650042671074	mozrunner::runner	INFO	Running command: "C:\\Program Files\\Mozilla Firefox\\firefox.exe" "--marionette" "--remote-debugging-port" "56085" "-no-remote" "-profile" "C:\\Users\\karla\\AppData\\Local\\Temp\\rust_mozprofilevekPot"
1650042671508	Marionette	INFO	Marionette enabled
console.warn: SearchSettings: "get: No settings file exists, new profile?" (new NotFoundError("Could not open the file at C:\\Users\\karla\\AppData\\Local\\Temp\\rust_mozprofilevekPot\\search.json.mozlz4", (void 0)))
DevTools listening on ws://localhost:56085/devtools/browser/22040589-c47d-4f27-8811-252f6903c3a3
1650042674903	Marionette	INFO	Listening on port 56090
1650042675341	RemoteAgent	WARN	TLS certificate errors will be ignored for this session
console.warn: LoginRecipes: "getRecipes: falling back to a synchronous message for:" "https://accounts.google.com"
console.warn: LoginRecipes: "getRecipes: falling back to a synchronous message for:" "https://accounts.google.com"
1650042679119	Marionette	INFO	Stopped listening on port 56090
JavaScript warning: https://accounts.google.com/ServiceLogin?service=mail&passive=1209600&osid=1&continue=https://mail.google.com/mail/u/0/&followup=https://mail.google.com/mail/u/0/&emr=1 line 1 > eval line 2007 > eval line 1 > eval line 1 > eval, line 1: WEBGL_debug_renderer_info is deprecated in Firefox and will be removed. Please use RENDERER.

###!!! [Parent][PContentParent] Error: Send(msgname=PContent::Reply_DiscardBrowsingContext) Closed channel: cannot send/recv


###!!! [Parent][PContentParent] Error: Send(msgname=PContent::Reply_DiscardBrowsingContext) Closed channel: cannot send/recv


###!!! [Parent][PContentParent] Error: Send(msgname=PContent::Reply_DiscardBrowsingContext) Closed channel: cannot send/recv


###!!! [Child][PContentChild] Error: Send(msgname=PHttpChannel::Msg_DeletingChannel) Channel closing: too late to send/recv, messages will be lost


###!!! [Child][PContentChild] Error: RunMessage(msgname=PContent::Msg_DiscardBrowsingContext) Channel closing: too late to send/recv, messages will be lost


###!!! [Child][PContentChild] Error: RunMessage(msgname=PContent::Msg_DiscardBrowsingContext) Channel closing: too late to send/recv, messages will be lost


###!!! [Child][PContentChild] Error: RunMessage(msgname=PHttpChannel::Msg_FailedAsyncOpen) Channel closing: too late to send/recv, messages will be lost


###!!! [Child][PContentChild] Error: RunMessage(msgname=PContent::Reply_DiscardBrowsingContext) Channel closing: too late to send/recv, messages will be lost


###!!! [Child][PContentChild] Error: RunMessage(msgname=PHttpChannel::Msg_DeleteSelf) Channel closing: too late to send/recv, messages will be lost


###!!! [Parent][PContentParent] Error: Send(msgname=PContent::Msg_DestroyBrowsingContextGroup) Closed channel: cannot send/recv

JavaScript error: resource://gre/modules/Sqlite.jsm, line 1105: Error: Sqlite.jsm has been shutdown. Cannot open connection to: C:\Users\karla\AppData\Local\Temp\rust_mozprofilevekPot\protections.sqlite

###!!! [Parent][PGPUParent] Error: RunMessage(msgname=PGPU::Msg_ShutdownVR) Channel closing: too late to send/recv, messages will be lost

1650042695302	geckodriver	INFO	Listening on 127.0.0.1:56173
1650042698366	mozrunner::runner	INFO	Running command: "C:\\Program Files\\Mozilla Firefox\\firefox.exe" "--marionette" "--remote-debugging-port" "56174" "-no-remote" "-profile" "C:\\Users\\karla\\AppData\\Local\\Temp\\rust_mozprofile2IOzIq"
1650042698773	Marionette	INFO	Marionette enabled
console.warn: SearchSettings: "get: No settings file exists, new profile?" (new NotFoundError("Could not open the file at C:\\Users\\karla\\AppData\\Local\\Temp\\rust_mozprofile2IOzIq\\search.json.mozlz4", (void 0)))
DevTools listening on ws://localhost:56174/devtools/browser/7ba0051b-9989-4956-8386-6fb792cd46c9
1650042701713	Marionette	INFO	Listening on port 56179
1650042702044	RemoteAgent	WARN	TLS certificate errors will be ignored for this session
console.warn: LoginRecipes: "getRecipes: falling back to a synchronous message for:" "https://accounts.google.com"
console.warn: LoginRecipes: "getRecipes: falling back to a synchronous message for:" "https://accounts.google.com"
1650042705492	Marionette	INFO	Stopped listening on port 56179
1650042735888	geckodriver	INFO	Listening on 127.0.0.1:56266
1650042738949	mozrunner::runner	INFO	Running command: "C:\\Program Files\\Mozilla Firefox\\firefox.exe" "--marionette" "--remote-debugging-port" "56267" "-no-remote" "-profile" "C:\\Users\\karla\\AppData\\Local\\Temp\\rust_mozprofile30qRZA"
1650042739364	Marionette	INFO	Marionette enabled
console.warn: SearchSettings: "get: No settings file exists, new profile?" (new NotFoundError("Could not open the file at C:\\Users\\karla\\AppData\\Local\\Temp\\rust_mozprofile30qRZA\\search.json.mozlz4", (void 0)))
DevTools listening on ws://localhost:56267/devtools/browser/37aebbe0-9468-466c-903f-1042d7404836
1650042742358	Marionette	INFO	Listening on port 56272
1650042742618	RemoteAgent	WARN	TLS certificate errors will be ignored for this session
console.warn: LoginRecipes: "getRecipes: falling back to a synchronous message for:" "https://accounts.google.com"
console.warn: LoginRecipes: "getRecipes: falling back to a synchronous message for:" "https://accounts.google.com"
1650042745634	Marionette	INFO	Stopped listening on port 56272
1650048710101	geckodriver	INFO	Listening on 127.0.0.1:55009
1650048713166	mozrunner::runner	INFO	Running command: "C:\\Program Files\\Mozilla Firefox\\firefox.exe" "--marionette" "--remote-debugging-port" "55010" "-no-remote" "-profile" "C:\\Users\\karla\\AppData\\Local\\Temp\\rust_mozprofileQiBmms"
1650048713594	Marionette	INFO	Marionette enabled
console.warn: SearchSettings: "get: No settings file exists, new profile?" (new NotFoundError("Could not open the file at C:\\Users\\karla\\AppData\\Local\\Temp\\rust_mozprofileQiBmms\\search.json.mozlz4", (void 0)))
DevTools listening on ws://localhost:55010/devtools/browser/76ce2d32-bf10-4000-83de-170f08613250
1650048716722	Marionette	INFO	Listening on port 55015
1650048716880	RemoteAgent	WARN	TLS certificate errors will be ignored for this session
console.warn: LoginRecipes: "getRecipes: falling back to a synchronous message for:" "https://accounts.google.com"
console.warn: LoginRecipes: "getRecipes: falling back to a synchronous message for:" "https://accounts.google.com"
1650048720571	Marionette	INFO	Stopped listening on port 55015
JavaScript warning: https://accounts.google.com/ServiceLogin?service=mail&passive=1209600&osid=1&continue=https://mail.google.com/mail/u/0/&followup=https://mail.google.com/mail/u/0/&emr=1 line 1 > eval line 214 > eval line 1 > eval line 1 > eval, line 1: WEBGL_debug_renderer_info is deprecated in Firefox and will be removed. Please use RENDERER.

###!!! [Parent][PContentParent] Error: Send(msgname=PContent::Reply_DiscardBrowsingContext) Closed channel: cannot send/recv


###!!! [Parent][PContentParent] Error: Send(msgname=PContent::Reply_DiscardBrowsingContext) Closed channel: cannot send/recv


###!!! [Parent][PContentParent] Error: Send(msgname=PContent::Reply_DiscardBrowsingContext) Closed channel: cannot send/recv


###!!! [Child][PContentChild] Error: Send(msgname=PHttpChannel::Msg_DeletingChannel) Channel closing: too late to send/recv, messages will be lost


###!!! [Child][PContentChild] Error: RunMessage(msgname=PContent::Msg_DiscardBrowsingContext) Channel closing: too late to send/recv, messages will be lost


###!!! [Child][PContentChild] Error: RunMessage(msgname=PContent::Msg_DiscardBrowsingContext) Channel closing: too late to send/recv, messages will be lost


###!!! [Child][PContentChild] Error: RunMessage(msgname=PHttpChannel::Msg_FailedAsyncOpen) Channel closing: too late to send/recv, messages will be lost


###!!! [Child][PContentChild] Error: RunMessage(msgname=PContent::Reply_DiscardBrowsingContext) Channel closing: too late to send/recv, messages will be lost


###!!! [Child][PContentChild] Error: RunMessage(msgname=PHttpChannel::Msg_DeleteSelf) Channel closing: too late to send/recv, messages will be lost


###!!! [Parent][PContentParent] Error: Send(msgname=PContent::Msg_DestroyBrowsingContextGroup) Closed channel: cannot send/recv

JavaScript error: resource://gre/modules/Sqlite.jsm, line 1105: Error: Sqlite.jsm has been shutdown. Cannot open connection to: C:\Users\karla\AppData\Local\Temp\rust_mozprofileQiBmms\protections.sqlite
1650048859900	geckodriver	INFO	Listening on 127.0.0.1:58680
1650048862967	mozrunner::runner	INFO	Running command: "C:\\Program Files\\Mozilla Firefox\\firefox.exe" "--marionette" "--remote-debugging-port" "58681" "-no-remote" "-profile" "C:\\Users\\karla\\AppData\\Local\\Temp\\rust_mozprofileM0DCmL"
1650048863379	Marionette	INFO	Marionette enabled
console.warn: SearchSettings: "get: No settings file exists, new profile?" (new NotFoundError("Could not open the file at C:\\Users\\karla\\AppData\\Local\\Temp\\rust_mozprofileM0DCmL\\search.json.mozlz4", (void 0)))
DevTools listening on ws://localhost:58681/devtools/browser/f75bfbf4-b9b0-42da-8829-1814ff63b9b7
1650048866651	Marionette	INFO	Listening on port 58686
1650048867156	RemoteAgent	WARN	TLS certificate errors will be ignored for this session
console.warn: LoginRecipes: "getRecipes: falling back to a synchronous message for:" "https://accounts.google.com"
console.warn: LoginRecipes: "getRecipes: falling back to a synchronous message for:" "https://accounts.google.com"
1650048870165	Marionette	INFO	Stopped listening on port 58686
[Parent 22164, IPC I/O Parent] WARNING: file /builds/worker/checkouts/gecko/ipc/chromium/src/base/process_util_win.cc:167
JavaScript warning: https://accounts.google.com/ServiceLogin?service=mail&passive=1209600&osid=1&continue=https://mail.google.com/mail/u/0/&followup=https://mail.google.com/mail/u/0/&emr=1 line 1 > eval line 1170 > eval line 1 > eval line 1 > eval, line 1: WEBGL_debug_renderer_info is deprecated in Firefox and will be removed. Please use RENDERER.

###!!! [Parent][PContentParent] Error: Send(msgname=PContent::Reply_DiscardBrowsingContext) Closed channel: cannot send/recv


###!!! [Parent][PContentParent] Error: Send(msgname=PContent::Reply_DiscardBrowsingContext) Closed channel: cannot send/recv


###!!! [Parent][PContentParent] Error: Send(msgname=PContent::Reply_DiscardBrowsingContext) Closed channel: cannot send/recv


###!!! [Child][PContentChild] Error: Send(msgname=PHttpChannel::Msg_DeletingChannel) Channel closing: too late to send/recv, messages will be lost


###!!! [Child][PContentChild] Error: RunMessage(msgname=PContent::Msg_DiscardBrowsingContext) Channel closing: too late to send/recv, messages will be lost


###!!! [Child][PContentChild] Error: RunMessage(msgname=PContent::Msg_DiscardBrowsingContext) Channel closing: too late to send/recv, messages will be lost


###!!! [Child][PContentChild] Error: RunMessage(msgname=PHttpChannel::Msg_FailedAsyncOpen) Channel closing: too late to send/recv, messages will be lost


###!!! [Child][PContentChild] Error: RunMessage(msgname=PHttpChannel::Msg_FailedAsyncOpen) Channel closing: too late to send/recv, messages will be lost


###!!! [Child][PContentChild] Error: RunMessage(msgname=PContent::Reply_DiscardBrowsingContext) Channel closing: too late to send/recv, messages will be lost


###!!! [Child][PContentChild] Error: RunMessage(msgname=PHttpChannel::Msg_DeleteSelf) Channel closing: too late to send/recv, messages will be lost


###!!! [Parent][PContentParent] Error: Send(msgname=PContent::Msg_DestroyBrowsingContextGroup) Closed channel: cannot send/recv

JavaScript error: resource://gre/modules/Sqlite.jsm, line 1105: Error: Sqlite.jsm has been shutdown. Cannot open connection to: C:\Users\karla\AppData\Local\Temp\rust_mozprofileM0DCmL\protections.sqlite
1650048892771	geckodriver	INFO	Listening on 127.0.0.1:64859
1650048901981	geckodriver	INFO	Listening on 127.0.0.1:64888
1650048905072	mozrunner::runner	INFO	Running command: "C:\\Program Files\\Mozilla Firefox\\firefox.exe" "--marionette" "--remote-debugging-port" "64889" "-no-remote" "-profile" "C:\\Users\\karla\\AppData\\Local\\Temp\\rust_mozprofilen9M1OT"
1650048906063	Marionette	INFO	Marionette enabled
console.warn: SearchSettings: "get: No settings file exists, new profile?" (new NotFoundError("Could not open the file at C:\\Users\\karla\\AppData\\Local\\Temp\\rust_mozprofilen9M1OT\\search.json.mozlz4", (void 0)))
DevTools listening on ws://localhost:64889/devtools/browser/5db237b6-2ae2-45bd-a694-58f81e8e69cc
1650048909478	Marionette	INFO	Listening on port 64894
1650048909950	RemoteAgent	WARN	TLS certificate errors will be ignored for this session
1650048913135	Marionette	INFO	Stopped listening on port 64894
1650048940321	geckodriver	INFO	Listening on 127.0.0.1:64976
1650048943395	mozrunner::runner	INFO	Running command: "C:\\Program Files\\Mozilla Firefox\\firefox.exe" "--marionette" "--remote-debugging-port" "64977" "-no-remote" "-profile" "C:\\Users\\karla\\AppData\\Local\\Temp\\rust_mozprofileN7GBGx"
1650048943799	Marionette	INFO	Marionette enabled
console.warn: SearchSettings: "get: No settings file exists, new profile?" (new NotFoundError("Could not open the file at C:\\Users\\karla\\AppData\\Local\\Temp\\rust_mozprofileN7GBGx\\search.json.mozlz4", (void 0)))
DevTools listening on ws://localhost:64977/devtools/browser/cbcb0282-3bab-429d-924d-7d37537eff2f
1650048946758	Marionette	INFO	Listening on port 64982
1650048947068	RemoteAgent	WARN	TLS certificate errors will be ignored for this session
console.warn: LoginRecipes: "getRecipes: falling back to a synchronous message for:" "https://accounts.google.com"
console.warn: LoginRecipes: "getRecipes: falling back to a synchronous message for:" "https://accounts.google.com"
1650048950083	Marionette	INFO	Stopped listening on port 64982
JavaScript warning: https://accounts.google.com/ServiceLogin?service=mail&passive=1209600&osid=1&continue=https://mail.google.com/mail/u/0/&followup=https://mail.google.com/mail/u/0/&emr=1 line 1 > eval line 5694 > eval line 1 > eval line 1 > eval, line 1: WEBGL_debug_renderer_info is deprecated in Firefox and will be removed. Please use RENDERER.

###!!! [Parent][PContentParent] Error: Send(msgname=PContent::Reply_DiscardBrowsingContext) Closed channel: cannot send/recv


###!!! [Parent][PContentParent] Error: Send(msgname=PContent::Reply_DiscardBrowsingContext) Closed channel: cannot send/recv


###!!! [Parent][PContentParent] Error: Send(msgname=PContent::Reply_DiscardBrowsingContext) Closed channel: cannot send/recv


###!!! [Child][PContentChild] Error: Send(msgname=PHttpChannel::Msg_DeletingChannel) Channel closing: too late to send/recv, messages will be lost


###!!! [Child][PContentChild] Error: RunMessage(msgname=PContent::Msg_DiscardBrowsingContext) Channel closing: too late to send/recv, messages will be lost


###!!! [Child][PContentChild] Error: RunMessage(msgname=PContent::Msg_DiscardBrowsingContext) Channel closing: too late to send/recv, messages will be lost


###!!! [Child][PContentChild] Error: RunMessage(msgname=PHttpChannel::Msg_FailedAsyncOpen) Channel closing: too late to send/recv, messages will be lost


###!!! [Child][PContentChild] Error: RunMessage(msgname=PHttpChannel::Msg_FailedAsyncOpen) Channel closing: too late to send/recv, messages will be lost


###!!! [Child][PContentChild] Error: RunMessage(msgname=PContent::Reply_DiscardBrowsingContext) Channel closing: too late to send/recv, messages will be lost


###!!! [Child][PContentChild] Error: RunMessage(msgname=PHttpChannel::Msg_DeleteSelf) Channel closing: too late to send/recv, messages will be lost


###!!! [Parent][PContentParent] Error: Send(msgname=PContent::Msg_DestroyBrowsingContextGroup) Closed channel: cannot send/recv

JavaScript error: resource://gre/modules/Sqlite.jsm, line 1105: Error: Sqlite.jsm has been shutdown. Cannot open connection to: C:\Users\karla\AppData\Local\Temp\rust_mozprofileN7GBGx\protections.sqlite

###!!! [Parent][PGPUParent] Error: RunMessage(msgname=PGPU::Msg_ShutdownVR) Channel closing: too late to send/recv, messages will be lost

1650119653127	geckodriver	INFO	Listening on 127.0.0.1:53570
1650119656309	mozrunner::runner	INFO	Running command: "C:\\Program Files\\Mozilla Firefox\\firefox.exe" "--marionette" "--remote-debugging-port" "53571" "-no-remote" "-profile" "C:\\Users\\karla\\AppData\\Local\\Temp\\rust_mozprofilex7M2Sg"
1650119657190	Marionette	INFO	Marionette enabled
console.warn: SearchSettings: "get: No settings file exists, new profile?" (new NotFoundError("Could not open the file at C:\\Users\\karla\\AppData\\Local\\Temp\\rust_mozprofilex7M2Sg\\search.json.mozlz4", (void 0)))
DevTools listening on ws://localhost:53571/devtools/browser/a481b079-1c95-4e31-80eb-f35d0b131445
1650119661085	Marionette	INFO	Listening on port 56708
1650119661229	RemoteAgent	WARN	TLS certificate errors will be ignored for this session
console.warn: LoginRecipes: "getRecipes: falling back to a synchronous message for:" "https://accounts.google.com"
console.warn: LoginRecipes: "getRecipes: falling back to a synchronous message for:" "https://accounts.google.com"
1650119664561	Marionette	INFO	Stopped listening on port 56708
JavaScript warning: https://accounts.google.com/ServiceLogin?service=mail&passive=1209600&osid=1&continue=https://mail.google.com/mail/u/0/&followup=https://mail.google.com/mail/u/0/&emr=1 line 1 > eval line 4305 > eval line 1 > eval line 1 > eval, line 1: WEBGL_debug_renderer_info is deprecated in Firefox and will be removed. Please use RENDERER.

###!!! [Parent][PContentParent] Error: Send(msgname=PContent::Reply_DiscardBrowsingContext) Closed channel: cannot send/recv


###!!! [Parent][PContentParent] Error: Send(msgname=PContent::Reply_DiscardBrowsingContext) Closed channel: cannot send/recv


###!!! [Parent][PContentParent] Error: Send(msgname=PContent::Reply_DiscardBrowsingContext) Closed channel: cannot send/recv


###!!! [Parent][PContentParent] Error: Send(msgname=PContent::Msg_DestroyBrowsingContextGroup) Closed channel: cannot send/recv

JavaScript error: resource://gre/modules/Sqlite.jsm, line 1105: Error: Sqlite.jsm has been shutdown. Cannot open connection to: C:\Users\karla\AppData\Local\Temp\rust_mozprofilex7M2Sg\protections.sqlite
